2023-07-10 20:06:40.736 INFO  com.gyx.wiki.WikiApplication                      :55   [32m                  [0;39m Starting WikiApplication using Java 1.8.0_372 on Wanghs with PID 8040 (D:\IDEA_project\wiki\target\classes started by WangH in D:\IDEA_project\wiki)
2023-07-10 20:06:40.737 INFO  com.gyx.wiki.WikiApplication                      :660  [32m                  [0;39m No active profile set, falling back to default profiles: default
2023-07-10 20:06:41.188 INFO  o.s.boot.web.embedded.tomcat.TomcatWebServer      :108  [32m                  [0;39m Tomcat initialized with port(s): 8080 (http)
2023-07-10 20:06:41.193 INFO  org.apache.coyote.http11.Http11NioProtocol        :173  [32m                  [0;39m Initializing ProtocolHandler ["http-nio-8080"]
2023-07-10 20:06:41.194 INFO  org.apache.catalina.core.StandardService          :173  [32m                  [0;39m Starting service [Tomcat]
2023-07-10 20:06:41.194 INFO  org.apache.catalina.core.StandardEngine           :173  [32m                  [0;39m Starting Servlet engine: [Apache Tomcat/9.0.39]
2023-07-10 20:06:42.141 INFO  o.a.c.core.ContainerBase.[Tomcat].[localhost].[/] :173  [32m                  [0;39m Initializing Spring embedded WebApplicationContext
2023-07-10 20:06:42.142 INFO  o.s.b.w.s.c.ServletWebServerApplicationContext    :289  [32m                  [0;39m Root WebApplicationContext: initialization completed in 1379 ms
2023-07-10 20:06:42.217 INFO  o.s.scheduling.concurrent.ThreadPoolTaskExecutor  :181  [32m                  [0;39m Initializing ExecutorService 'applicationTaskExecutor'
2023-07-10 20:06:42.290 INFO  org.apache.coyote.http11.Http11NioProtocol        :173  [32m                  [0;39m Starting ProtocolHandler ["http-nio-8080"]
2023-07-10 20:06:42.298 INFO  o.s.boot.web.embedded.tomcat.TomcatWebServer      :220  [32m                  [0;39m Tomcat started on port(s): 8080 (http) with context path ''
2023-07-10 20:06:42.303 INFO  com.gyx.wiki.WikiApplication                      :61   [32m                  [0;39m Started WikiApplication in 1.826 seconds (JVM running for 3.866)
2023-07-10 20:10:19.568 INFO  o.s.scheduling.concurrent.ThreadPoolTaskExecutor  :218  [32m                  [0;39m Shutting down ExecutorService 'applicationTaskExecutor'
2023-07-10 20:10:21.751 INFO  com.gyx.wiki.WikiApplication                      :55   [32m                  [0;39m Starting WikiApplication using Java 1.8.0_372 on Wanghs with PID 27620 (D:\IDEA_project\wiki\target\classes started by WangH in D:\IDEA_project\wiki)
2023-07-10 20:10:21.753 INFO  com.gyx.wiki.WikiApplication                      :660  [32m                  [0;39m No active profile set, falling back to default profiles: default
2023-07-10 20:10:22.116 INFO  o.s.boot.web.embedded.tomcat.TomcatWebServer      :108  [32m                  [0;39m Tomcat initialized with port(s): 8080 (http)
2023-07-10 20:10:22.119 INFO  org.apache.coyote.http11.Http11NioProtocol        :173  [32m                  [0;39m Initializing ProtocolHandler ["http-nio-8080"]
2023-07-10 20:10:22.120 INFO  org.apache.catalina.core.StandardService          :173  [32m                  [0;39m Starting service [Tomcat]
2023-07-10 20:10:22.120 INFO  org.apache.catalina.core.StandardEngine           :173  [32m                  [0;39m Starting Servlet engine: [Apache Tomcat/9.0.39]
2023-07-10 20:10:22.145 INFO  o.a.c.core.ContainerBase.[Tomcat].[localhost].[/] :173  [32m                  [0;39m Initializing Spring embedded WebApplicationContext
2023-07-10 20:10:22.146 INFO  o.s.b.w.s.c.ServletWebServerApplicationContext    :289  [32m                  [0;39m Root WebApplicationContext: initialization completed in 371 ms
2023-07-10 20:10:22.215 INFO  o.s.scheduling.concurrent.ThreadPoolTaskExecutor  :181  [32m                  [0;39m Initializing ExecutorService 'applicationTaskExecutor'
2023-07-10 20:10:22.282 INFO  org.apache.coyote.http11.Http11NioProtocol        :173  [32m                  [0;39m Starting ProtocolHandler ["http-nio-8080"]
2023-07-10 20:10:22.291 INFO  o.s.boot.web.embedded.tomcat.TomcatWebServer      :220  [32m                  [0;39m Tomcat started on port(s): 8080 (http) with context path ''
2023-07-10 20:10:22.295 INFO  com.gyx.wiki.WikiApplication                      :61   [32m                  [0;39m Started WikiApplication in 0.731 seconds (JVM running for 1.068)
